<?xml version="1.0" encoding="UTF-8"?>
<!-- Generated by org.testng.reporters.JUnitReportReporter -->
<testsuite hostname="DESKTOP-NETU9LA" name="com.tests.HomeTest" tests="5" failures="0" timestamp="13 Mar 2024 15:10:23 GMT" time="10.079" errors="0">
  <testcase name="test_ourSolution_02" time="5.248" classname="com.tests.HomeTest"/>
  <testcase name="test_whytendeble_03" time="1.646" classname="com.tests.HomeTest"/>
  <testcase name="test_requestDemo_05" time="0.063" classname="com.tests.HomeTest"/>
  <testcase name="test_ourstory_01" time="2.962" classname="com.tests.HomeTest"/>
  <testcase name="test_aboutus04" time="0.160" classname="com.tests.HomeTest"/>
</testsuite> <!-- com.tests.HomeTest -->
