<?xml version="1.0" encoding="UTF-8"?>
<!-- Generated by org.testng.reporters.JUnitReportReporter -->
<testsuite hostname="DESKTOP-NETU9LA" name="com.tests.ContactTest" tests="1" failures="0" timestamp="13 Mar 2024 15:10:23 GMT" time="11.558" errors="0">
  <testcase name="test_contact_marketing_form" time="11.558" classname="com.tests.ContactTest"/>
</testsuite> <!-- com.tests.ContactTest -->
